This is pdfTeX, Version 3.14159265-2.6-1.40.18 (TeX Live 2017) (preloaded format=pdflatex 2017.5.23)  21 FEB 2018 03:01
entering extended mode
 restricted \write18 enabled.
 %&-line parsing enabled.
**/Volumes/allmother/projects/gamerammo/businessplan/versions.tex
(/Volumes/allmother/projects/gamerammo/businessplan/versions.tex
LaTeX2e <2017-04-15>
Babel <3.10> and hyphenation patterns for 84 language(s) loaded.
)
*
! Emergency stop.
<*> ...rojects/gamerammo/businessplan/versions.tex
                                                   
Here is how much of TeX's memory you used:
 7 strings out of 492995
 307 string characters out of 6132704
 54074 words of memory out of 5000000
 3659 multiletter control sequences out of 15000+600000
 3640 words of font info for 14 fonts, out of 8000000 for 9000
 1141 hyphenation exceptions out of 8191
 7i,0n,6p,133b,8s stack positions out of 5000i,500n,10000p,200000b,80000s

!  ==> Fatal error occurred, no output PDF file produced!
